2019-01-22 09:36:19.978  INFO 20552 --- [restartedMain] m.datoucai.profiles.ProfilesApplication  : Starting ProfilesApplication on dengtongcai with PID 20552 (E:\github\spring-boot-learning\02-spring-boot-profiles\target\classes started by cc in E:\github\spring-boot-learning)
2019-01-22 09:36:19.987  INFO 20552 --- [restartedMain] m.datoucai.profiles.ProfilesApplication  : The following profiles are active: devp
2019-01-22 09:36:20.177  INFO 20552 --- [restartedMain] .e.DevToolsPropertyDefaultsPostProcessor : Devtools property defaults active! Set 'spring.devtools.add-properties' to 'false' to disable
2019-01-22 09:36:20.177  INFO 20552 --- [restartedMain] .e.DevToolsPropertyDefaultsPostProcessor : For additional web related logging consider setting the 'logging.level.web' property to 'DEBUG'
2019-01-22 09:36:22.368  INFO 20552 --- [restartedMain] o.s.b.w.embedded.tomcat.TomcatWebServer  : Tomcat initialized with port(s): 8082 (http)
2019-01-22 09:36:22.409  INFO 20552 --- [restartedMain] o.apache.catalina.core.StandardService   : Starting service [Tomcat]
2019-01-22 09:36:22.409  INFO 20552 --- [restartedMain] org.apache.catalina.core.StandardEngine  : Starting Servlet engine: [Apache Tomcat/9.0.14]
2019-01-22 09:36:22.422  INFO 20552 --- [restartedMain] o.a.catalina.core.AprLifecycleListener   : The APR based Apache Tomcat Native library which allows optimal performance in production environments was not found on the java.library.path: [D:\Java\jdk1.8.0_121\bin;C:\WINDOWS\Sun\Java\bin;C:\WINDOWS\system32;C:\WINDOWS;D:\Program Files\nTrun_V3.0\Goto;C:\ProgramData\Oracle\Java\javapath;D:\Java\jdk1.8.0_121\bin;D:\Java\jdk1.8.0_121\jre\bin;D:\Java\MySQL\MySQL Server 5.5\bin;C:\Java\apache-maven\apache-maven-3.3.9\bin;C:\Java\gradle-4.5.1\bin;C:\Program Files (x86)\Intel\iCLS Client\;C:\Program Files\Intel\iCLS Client\;C:\windows\system32;C:\windows;C:\windows\System32\Wbem;C:\windows\System32\WindowsPowerShell\v1.0\;C:\Program Files (x86)\Intel\Intel(R) Management Engine Components\DAL;C:\Program Files\Intel\Intel(R) Management Engine Components\DAL;C:\Program Files (x86)\Intel\Intel(R) Management Engine Components\IPT;C:\Program Files\Intel\Intel(R) Management Engine Components\IPT;D:\Java\VMware\VanDyke Software\Clients\;C:\Windows\system32;C:\Windows;C:\Windows\System32\Wbem;C:\Windows\System32\WindowsPowerShell\v1.0\;D:\Java\Tools\VisualSVN Server\bin;C:\Android;C:\Windows\System32;E:\Go\bin;C:\WINDOWS\system32;C:\WINDOWS;C:\WINDOWS\System32\Wbem;C:\WINDOWS\System32\WindowsPowerShell\v1.0\;C:\Program Files (x86)\NVIDIA Corporation\PhysX\Common;D:\Program Files\nodejs\;C:\Program Files\Intel\WiFi\bin\;C:\Program Files\Common Files\Intel\WirelessCommon\;D:\Java\Tools\TortoiseSVN\bin;C:\WINDOWS\System32\OpenSSH\;E:\Program Files\Microsoft VS Code\bin;D:\Program Files\Git\cmd;C:\Program Files\Intel\WiFi\bin\;C:\Program Files\Common Files\Intel\WirelessCommon\;C:\Users\cc\AppData\Local\Microsoft\WindowsApps;;C:\Users\cc\AppData\Local\Programs\Fiddler;D:\Program Files (x86)\Fiddler;C:\Users\cc\AppData\Local\Microsoft\WindowsApps;C:\Users\cc\AppData\Roaming\npm;E:\Program Files\Microsoft VS Code\bin;.]
2019-01-22 09:36:22.508  INFO 20552 --- [restartedMain] o.a.c.c.C.[Tomcat].[localhost].[/]       : Initializing Spring embedded WebApplicationContext
2019-01-22 09:36:22.508  INFO 20552 --- [restartedMain] o.s.web.context.ContextLoader            : Root WebApplicationContext: initialization completed in 2330 ms
2019-01-22 09:36:22.747  INFO 20552 --- [restartedMain] o.s.s.concurrent.ThreadPoolTaskExecutor  : Initializing ExecutorService 'applicationTaskExecutor'
2019-01-22 09:36:22.929  INFO 20552 --- [restartedMain] o.s.b.d.a.OptionalLiveReloadServer       : LiveReload server is running on port 35729
2019-01-22 09:36:22.982  INFO 20552 --- [restartedMain] o.s.b.w.embedded.tomcat.TomcatWebServer  : Tomcat started on port(s): 8082 (http) with context path ''
2019-01-22 09:36:22.986  INFO 20552 --- [restartedMain] m.datoucai.profiles.ProfilesApplication  : Started ProfilesApplication in 3.774 seconds (JVM running for 7.951)
2019-01-22 09:36:30.585  INFO 20552 --- [http-nio-8082-exec-1] o.a.c.c.C.[Tomcat].[localhost].[/]       : Initializing Spring DispatcherServlet 'dispatcherServlet'
2019-01-22 09:36:30.585  INFO 20552 --- [http-nio-8082-exec-1] o.s.web.servlet.DispatcherServlet        : Initializing Servlet 'dispatcherServlet'
2019-01-22 09:36:30.592  INFO 20552 --- [http-nio-8082-exec-1] o.s.web.servlet.DispatcherServlet        : Completed initialization in 7 ms
2019-01-22 09:36:30.694  INFO 20552 --- [http-nio-8082-exec-1] m.d.profiles.api.ProfilesController      : level is this is devp
2019-01-22 09:36:30.696  WARN 20552 --- [http-nio-8082-exec-1] m.d.profiles.api.ProfilesController      : level is this is devp
2019-01-22 09:36:30.696 ERROR 20552 --- [http-nio-8082-exec-1] m.d.profiles.api.ProfilesController      : level is this is devp
2019-01-22 09:36:31.305  INFO 20552 --- [http-nio-8082-exec-3] m.d.profiles.api.ProfilesController      : level is this is devp
2019-01-22 09:36:31.305  WARN 20552 --- [http-nio-8082-exec-3] m.d.profiles.api.ProfilesController      : level is this is devp
2019-01-22 09:36:31.305 ERROR 20552 --- [http-nio-8082-exec-3] m.d.profiles.api.ProfilesController      : level is this is devp
2019-01-22 09:36:53.414  INFO 20552 --- [Thread-17] o.s.s.concurrent.ThreadPoolTaskExecutor  : Shutting down ExecutorService 'applicationTaskExecutor'
2019-01-22 09:36:53.805  INFO 20552 --- [restartedMain] m.datoucai.profiles.ProfilesApplication  : Starting ProfilesApplication on dengtongcai with PID 20552 (E:\github\spring-boot-learning\02-spring-boot-profiles\target\classes started by cc in E:\github\spring-boot-learning)
2019-01-22 09:36:53.805  INFO 20552 --- [restartedMain] m.datoucai.profiles.ProfilesApplication  : The following profiles are active: devp
2019-01-22 09:36:54.294  INFO 20552 --- [restartedMain] o.s.b.w.embedded.tomcat.TomcatWebServer  : Tomcat initialized with port(s): 8082 (http)
2019-01-22 09:36:54.295  INFO 20552 --- [restartedMain] o.apache.catalina.core.StandardService   : Starting service [Tomcat]
2019-01-22 09:36:54.296  INFO 20552 --- [restartedMain] org.apache.catalina.core.StandardEngine  : Starting Servlet engine: [Apache Tomcat/9.0.14]
2019-01-22 09:36:54.315  INFO 20552 --- [restartedMain] o.a.c.c.C.[Tomcat].[localhost].[/]       : Initializing Spring embedded WebApplicationContext
2019-01-22 09:36:54.316  INFO 20552 --- [restartedMain] o.s.web.context.ContextLoader            : Root WebApplicationContext: initialization completed in 508 ms
2019-01-22 09:36:54.383  INFO 20552 --- [restartedMain] o.s.s.concurrent.ThreadPoolTaskExecutor  : Initializing ExecutorService 'applicationTaskExecutor'
2019-01-22 09:36:54.420  INFO 20552 --- [restartedMain] o.s.b.d.a.OptionalLiveReloadServer       : LiveReload server is running on port 35729
2019-01-22 09:36:54.437  INFO 20552 --- [restartedMain] o.s.b.w.embedded.tomcat.TomcatWebServer  : Tomcat started on port(s): 8082 (http) with context path ''
2019-01-22 09:36:54.438  INFO 20552 --- [restartedMain] m.datoucai.profiles.ProfilesApplication  : Started ProfilesApplication in 0.675 seconds (JVM running for 39.403)
2019-01-22 09:36:54.440  INFO 20552 --- [restartedMain] .ConditionEvaluationDeltaLoggingListener : Condition evaluation unchanged
2019-01-22 09:36:55.828  INFO 20552 --- [Thread-25] o.s.s.concurrent.ThreadPoolTaskExecutor  : Shutting down ExecutorService 'applicationTaskExecutor'
2019-01-22 09:36:56.287  INFO 20552 --- [restartedMain] m.datoucai.profiles.ProfilesApplication  : Starting ProfilesApplication on dengtongcai with PID 20552 (E:\github\spring-boot-learning\02-spring-boot-profiles\target\classes started by cc in E:\github\spring-boot-learning)
2019-01-22 09:36:56.287  INFO 20552 --- [restartedMain] m.datoucai.profiles.ProfilesApplication  : The following profiles are active: devp
2019-01-22 09:36:56.588  INFO 20552 --- [restartedMain] o.s.b.w.embedded.tomcat.TomcatWebServer  : Tomcat initialized with port(s): 8082 (http)
2019-01-22 09:36:56.593  INFO 20552 --- [restartedMain] o.apache.catalina.core.StandardService   : Starting service [Tomcat]
2019-01-22 09:36:56.594  INFO 20552 --- [restartedMain] org.apache.catalina.core.StandardEngine  : Starting Servlet engine: [Apache Tomcat/9.0.14]
2019-01-22 09:36:56.632  INFO 20552 --- [restartedMain] o.a.c.c.C.[Tomcat].[localhost].[/]       : Initializing Spring embedded WebApplicationContext
2019-01-22 09:36:56.632  INFO 20552 --- [restartedMain] o.s.web.context.ContextLoader            : Root WebApplicationContext: initialization completed in 343 ms
2019-01-22 09:36:56.776  INFO 20552 --- [restartedMain] o.s.s.concurrent.ThreadPoolTaskExecutor  : Initializing ExecutorService 'applicationTaskExecutor'
2019-01-22 09:36:56.883  INFO 20552 --- [restartedMain] o.s.b.d.a.OptionalLiveReloadServer       : LiveReload server is running on port 35729
2019-01-22 09:36:56.898  INFO 20552 --- [restartedMain] o.s.b.w.embedded.tomcat.TomcatWebServer  : Tomcat started on port(s): 8082 (http) with context path ''
2019-01-22 09:36:56.898  INFO 20552 --- [restartedMain] m.datoucai.profiles.ProfilesApplication  : Started ProfilesApplication in 0.642 seconds (JVM running for 41.863)
2019-01-22 09:36:56.903  INFO 20552 --- [restartedMain] .ConditionEvaluationDeltaLoggingListener : Condition evaluation unchanged
2019-01-22 09:37:15.637  INFO 20552 --- [http-nio-8082-exec-1] o.a.c.c.C.[Tomcat].[localhost].[/]       : Initializing Spring DispatcherServlet 'dispatcherServlet'
2019-01-22 09:37:15.638  INFO 20552 --- [http-nio-8082-exec-1] o.s.web.servlet.DispatcherServlet        : Initializing Servlet 'dispatcherServlet'
2019-01-22 09:37:15.642  INFO 20552 --- [http-nio-8082-exec-1] o.s.web.servlet.DispatcherServlet        : Completed initialization in 3 ms
2019-01-22 09:37:15.644 DEBUG 20552 --- [http-nio-8082-exec-1] m.d.profiles.api.ProfilesController      : level is this is devp
2019-01-22 09:37:15.644  INFO 20552 --- [http-nio-8082-exec-1] m.d.profiles.api.ProfilesController      : level is this is devp
2019-01-22 09:37:15.644  WARN 20552 --- [http-nio-8082-exec-1] m.d.profiles.api.ProfilesController      : level is this is devp
2019-01-22 09:37:15.644 ERROR 20552 --- [http-nio-8082-exec-1] m.d.profiles.api.ProfilesController      : level is this is devp
2019-01-22 10:17:19.498  INFO 20552 --- [Thread-31] o.s.s.concurrent.ThreadPoolTaskExecutor  : Shutting down ExecutorService 'applicationTaskExecutor'
2019-01-22 10:17:19.931  INFO 20552 --- [restartedMain] m.datoucai.profiles.ProfilesApplication  : Starting ProfilesApplication on dengtongcai with PID 20552 (E:\github\spring-boot-learning\02-spring-boot-profiles\target\classes started by cc in E:\github\spring-boot-learning)
2019-01-22 10:17:19.932  INFO 20552 --- [restartedMain] m.datoucai.profiles.ProfilesApplication  : The following profiles are active: devp
2019-01-22 10:17:20.245  INFO 20552 --- [restartedMain] o.s.b.w.embedded.tomcat.TomcatWebServer  : Tomcat initialized with port(s): 8082 (http)
2019-01-22 10:17:20.248  INFO 20552 --- [restartedMain] o.apache.catalina.core.StandardService   : Starting service [Tomcat]
2019-01-22 10:17:20.248  INFO 20552 --- [restartedMain] org.apache.catalina.core.StandardEngine  : Starting Servlet engine: [Apache Tomcat/9.0.14]
2019-01-22 10:17:20.271  INFO 20552 --- [restartedMain] o.a.c.c.C.[Tomcat].[localhost].[/]       : Initializing Spring embedded WebApplicationContext
2019-01-22 10:17:20.272  INFO 20552 --- [restartedMain] o.s.web.context.ContextLoader            : Root WebApplicationContext: initialization completed in 337 ms
2019-01-22 10:17:20.353  INFO 20552 --- [restartedMain] o.s.s.concurrent.ThreadPoolTaskExecutor  : Initializing ExecutorService 'applicationTaskExecutor'
2019-01-22 10:17:20.416  INFO 20552 --- [restartedMain] o.s.b.d.a.OptionalLiveReloadServer       : LiveReload server is running on port 35729
2019-01-22 10:17:20.441  INFO 20552 --- [restartedMain] o.s.b.w.embedded.tomcat.TomcatWebServer  : Tomcat started on port(s): 8082 (http) with context path ''
2019-01-22 10:17:20.442  INFO 20552 --- [restartedMain] m.datoucai.profiles.ProfilesApplication  : Started ProfilesApplication in 0.552 seconds (JVM running for 2465.407)
2019-01-22 10:17:20.443  INFO 20552 --- [restartedMain] .ConditionEvaluationDeltaLoggingListener : Condition evaluation unchanged
2019-01-22 10:21:33.414  INFO 20552 --- [Thread-37] o.s.s.concurrent.ThreadPoolTaskExecutor  : Shutting down ExecutorService 'applicationTaskExecutor'
2019-01-22 10:21:33.989  INFO 20552 --- [restartedMain] m.datoucai.profiles.ProfilesApplication  : Starting ProfilesApplication on dengtongcai with PID 20552 (E:\github\spring-boot-learning\02-spring-boot-profiles\target\classes started by cc in E:\github\spring-boot-learning)
2019-01-22 10:21:33.990  INFO 20552 --- [restartedMain] m.datoucai.profiles.ProfilesApplication  : The following profiles are active: devp
2019-01-22 10:21:34.283  INFO 20552 --- [restartedMain] o.s.b.w.embedded.tomcat.TomcatWebServer  : Tomcat initialized with port(s): 8082 (http)
2019-01-22 10:21:34.284  INFO 20552 --- [restartedMain] o.apache.catalina.core.StandardService   : Starting service [Tomcat]
2019-01-22 10:21:34.284  INFO 20552 --- [restartedMain] org.apache.catalina.core.StandardEngine  : Starting Servlet engine: [Apache Tomcat/9.0.14]
2019-01-22 10:21:34.298  INFO 20552 --- [restartedMain] o.a.c.c.C.[Tomcat].[localhost].[/]       : Initializing Spring embedded WebApplicationContext
2019-01-22 10:21:34.299  INFO 20552 --- [restartedMain] o.s.web.context.ContextLoader            : Root WebApplicationContext: initialization completed in 306 ms
2019-01-22 10:21:34.355  INFO 20552 --- [restartedMain] o.s.s.concurrent.ThreadPoolTaskExecutor  : Initializing ExecutorService 'applicationTaskExecutor'
2019-01-22 10:21:34.388  INFO 20552 --- [restartedMain] o.s.b.d.a.OptionalLiveReloadServer       : LiveReload server is running on port 35729
2019-01-22 10:21:34.400  INFO 20552 --- [restartedMain] o.s.b.w.embedded.tomcat.TomcatWebServer  : Tomcat started on port(s): 8082 (http) with context path ''
2019-01-22 10:21:34.401  INFO 20552 --- [restartedMain] m.datoucai.profiles.ProfilesApplication  : Started ProfilesApplication in 0.457 seconds (JVM running for 2719.366)
2019-01-22 10:21:34.402  INFO 20552 --- [restartedMain] .ConditionEvaluationDeltaLoggingListener : Condition evaluation unchanged
2019-01-22 10:21:46.476  INFO 20552 --- [http-nio-8082-exec-1] o.a.c.c.C.[Tomcat].[localhost].[/]       : Initializing Spring DispatcherServlet 'dispatcherServlet'
2019-01-22 10:21:46.478  INFO 20552 --- [http-nio-8082-exec-1] o.s.web.servlet.DispatcherServlet        : Initializing Servlet 'dispatcherServlet'
2019-01-22 10:21:46.481  INFO 20552 --- [http-nio-8082-exec-1] o.s.web.servlet.DispatcherServlet        : Completed initialization in 3 ms
2019-01-22 10:21:54.754  INFO 23888 --- [restartedMain] m.datoucai.profiles.ProfilesApplication  : Starting ProfilesApplication on dengtongcai with PID 23888 (E:\github\spring-boot-learning\02-spring-boot-profiles\target\classes started by cc in E:\github\spring-boot-learning)
2019-01-22 10:21:54.766  INFO 23888 --- [restartedMain] m.datoucai.profiles.ProfilesApplication  : The following profiles are active: devp
2019-01-22 10:21:54.854  INFO 23888 --- [restartedMain] .e.DevToolsPropertyDefaultsPostProcessor : Devtools property defaults active! Set 'spring.devtools.add-properties' to 'false' to disable
2019-01-22 10:21:54.855  INFO 23888 --- [restartedMain] .e.DevToolsPropertyDefaultsPostProcessor : For additional web related logging consider setting the 'logging.level.web' property to 'DEBUG'
2019-01-22 10:21:56.985  INFO 23888 --- [restartedMain] o.s.b.w.embedded.tomcat.TomcatWebServer  : Tomcat initialized with port(s): 8082 (http)
2019-01-22 10:21:57.021  INFO 23888 --- [restartedMain] o.apache.catalina.core.StandardService   : Starting service [Tomcat]
2019-01-22 10:21:57.021  INFO 23888 --- [restartedMain] org.apache.catalina.core.StandardEngine  : Starting Servlet engine: [Apache Tomcat/9.0.14]
2019-01-22 10:21:57.031  INFO 23888 --- [restartedMain] o.a.catalina.core.AprLifecycleListener   : The APR based Apache Tomcat Native library which allows optimal performance in production environments was not found on the java.library.path: [D:\Java\jdk1.8.0_121\bin;C:\WINDOWS\Sun\Java\bin;C:\WINDOWS\system32;C:\WINDOWS;D:\Program Files\nTrun_V3.0\Goto;C:\ProgramData\Oracle\Java\javapath;D:\Java\jdk1.8.0_121\bin;D:\Java\jdk1.8.0_121\jre\bin;D:\Java\MySQL\MySQL Server 5.5\bin;C:\Java\apache-maven\apache-maven-3.3.9\bin;C:\Java\gradle-4.5.1\bin;C:\Program Files (x86)\Intel\iCLS Client\;C:\Program Files\Intel\iCLS Client\;C:\windows\system32;C:\windows;C:\windows\System32\Wbem;C:\windows\System32\WindowsPowerShell\v1.0\;C:\Program Files (x86)\Intel\Intel(R) Management Engine Components\DAL;C:\Program Files\Intel\Intel(R) Management Engine Components\DAL;C:\Program Files (x86)\Intel\Intel(R) Management Engine Components\IPT;C:\Program Files\Intel\Intel(R) Management Engine Components\IPT;D:\Java\VMware\VanDyke Software\Clients\;C:\Windows\system32;C:\Windows;C:\Windows\System32\Wbem;C:\Windows\System32\WindowsPowerShell\v1.0\;D:\Java\Tools\VisualSVN Server\bin;C:\Android;C:\Windows\System32;E:\Go\bin;C:\WINDOWS\system32;C:\WINDOWS;C:\WINDOWS\System32\Wbem;C:\WINDOWS\System32\WindowsPowerShell\v1.0\;C:\Program Files (x86)\NVIDIA Corporation\PhysX\Common;D:\Program Files\nodejs\;C:\Program Files\Intel\WiFi\bin\;C:\Program Files\Common Files\Intel\WirelessCommon\;D:\Java\Tools\TortoiseSVN\bin;C:\WINDOWS\System32\OpenSSH\;E:\Program Files\Microsoft VS Code\bin;D:\Program Files\Git\cmd;C:\Program Files\Intel\WiFi\bin\;C:\Program Files\Common Files\Intel\WirelessCommon\;C:\Users\cc\AppData\Local\Microsoft\WindowsApps;;C:\Users\cc\AppData\Local\Programs\Fiddler;D:\Program Files (x86)\Fiddler;C:\Users\cc\AppData\Local\Microsoft\WindowsApps;C:\Users\cc\AppData\Roaming\npm;E:\Program Files\Microsoft VS Code\bin;.]
2019-01-22 10:21:57.138  INFO 23888 --- [restartedMain] o.a.c.c.C.[Tomcat].[localhost].[/]       : Initializing Spring embedded WebApplicationContext
2019-01-22 10:21:57.138  INFO 23888 --- [restartedMain] o.s.web.context.ContextLoader            : Root WebApplicationContext: initialization completed in 2283 ms
2019-01-22 10:21:57.397  INFO 23888 --- [restartedMain] o.s.s.concurrent.ThreadPoolTaskExecutor  : Initializing ExecutorService 'applicationTaskExecutor'
2019-01-22 10:21:57.599  INFO 23888 --- [restartedMain] o.s.b.d.a.OptionalLiveReloadServer       : LiveReload server is running on port 35729
2019-01-22 10:21:57.665  INFO 23888 --- [restartedMain] o.s.b.w.embedded.tomcat.TomcatWebServer  : Tomcat started on port(s): 8082 (http) with context path ''
2019-01-22 10:21:57.669  INFO 23888 --- [restartedMain] m.datoucai.profiles.ProfilesApplication  : Started ProfilesApplication in 3.555 seconds (JVM running for 4.845)
2019-01-22 10:22:04.100  INFO 23888 --- [http-nio-8082-exec-1] o.a.c.c.C.[Tomcat].[localhost].[/]       : Initializing Spring DispatcherServlet 'dispatcherServlet'
2019-01-22 10:22:04.101  INFO 23888 --- [http-nio-8082-exec-1] o.s.web.servlet.DispatcherServlet        : Initializing Servlet 'dispatcherServlet'
2019-01-22 10:22:04.107  INFO 23888 --- [http-nio-8082-exec-1] o.s.web.servlet.DispatcherServlet        : Completed initialization in 6 ms
2019-01-22 10:22:04.133 DEBUG 23888 --- [http-nio-8082-exec-1] m.d.profiles.api.ProfilesController      : level is this is devp
2019-01-22 10:22:04.134  INFO 23888 --- [http-nio-8082-exec-1] m.d.profiles.api.ProfilesController      : level is this is devp
2019-01-22 10:22:04.134  WARN 23888 --- [http-nio-8082-exec-1] m.d.profiles.api.ProfilesController      : level is this is devp
2019-01-22 10:22:04.135 ERROR 23888 --- [http-nio-8082-exec-1] m.d.profiles.api.ProfilesController      : level is this is devp
2019-01-22 10:22:04.135  INFO 23888 --- [http-nio-8082-exec-1] m.d.profiles.api.ProfilesController      : the log system is Logger[me.datoucai.profiles.api.ProfilesController]
2019-01-22 10:23:05.138  INFO 23888 --- [Thread-13] o.s.s.concurrent.ThreadPoolTaskExecutor  : Shutting down ExecutorService 'applicationTaskExecutor'
2019-01-22 10:23:05.636  INFO 23888 --- [restartedMain] m.datoucai.profiles.ProfilesApplication  : Starting ProfilesApplication on dengtongcai with PID 23888 (E:\github\spring-boot-learning\02-spring-boot-profiles\target\classes started by cc in E:\github\spring-boot-learning)
2019-01-22 10:23:05.636  INFO 23888 --- [restartedMain] m.datoucai.profiles.ProfilesApplication  : The following profiles are active: devp
2019-01-22 10:23:05.931  INFO 23888 --- [restartedMain] o.s.b.w.embedded.tomcat.TomcatWebServer  : Tomcat initialized with port(s): 8082 (http)
2019-01-22 10:23:05.932  INFO 23888 --- [restartedMain] o.apache.catalina.core.StandardService   : Starting service [Tomcat]
2019-01-22 10:23:05.932  INFO 23888 --- [restartedMain] org.apache.catalina.core.StandardEngine  : Starting Servlet engine: [Apache Tomcat/9.0.14]
2019-01-22 10:23:05.953  INFO 23888 --- [restartedMain] o.a.c.c.C.[Tomcat].[localhost].[/]       : Initializing Spring embedded WebApplicationContext
2019-01-22 10:23:05.953  INFO 23888 --- [restartedMain] o.s.web.context.ContextLoader            : Root WebApplicationContext: initialization completed in 315 ms
2019-01-22 10:23:06.006  INFO 23888 --- [restartedMain] o.s.s.concurrent.ThreadPoolTaskExecutor  : Initializing ExecutorService 'applicationTaskExecutor'
2019-01-22 10:23:06.049  INFO 23888 --- [restartedMain] o.s.b.d.a.OptionalLiveReloadServer       : LiveReload server is running on port 35729
2019-01-22 10:23:06.065  INFO 23888 --- [restartedMain] o.s.b.w.embedded.tomcat.TomcatWebServer  : Tomcat started on port(s): 8082 (http) with context path ''
2019-01-22 10:23:06.066  INFO 23888 --- [restartedMain] m.datoucai.profiles.ProfilesApplication  : Started ProfilesApplication in 0.455 seconds (JVM running for 73.242)
2019-01-22 10:23:06.068  INFO 23888 --- [restartedMain] .ConditionEvaluationDeltaLoggingListener : Condition evaluation unchanged
2019-01-22 10:23:20.861  INFO 23888 --- [http-nio-8082-exec-1] o.a.c.c.C.[Tomcat].[localhost].[/]       : Initializing Spring DispatcherServlet 'dispatcherServlet'
2019-01-22 10:23:20.862  INFO 23888 --- [http-nio-8082-exec-1] o.s.web.servlet.DispatcherServlet        : Initializing Servlet 'dispatcherServlet'
2019-01-22 10:23:20.873  INFO 23888 --- [http-nio-8082-exec-1] o.s.web.servlet.DispatcherServlet        : Completed initialization in 11 ms
2019-01-22 10:23:20.874 DEBUG 23888 --- [http-nio-8082-exec-1] m.d.profiles.api.ProfilesController      : level is this is devp
2019-01-22 10:23:20.874  INFO 23888 --- [http-nio-8082-exec-1] m.d.profiles.api.ProfilesController      : level is this is devp
2019-01-22 10:23:20.874  WARN 23888 --- [http-nio-8082-exec-1] m.d.profiles.api.ProfilesController      : level is this is devp
2019-01-22 10:23:20.875 ERROR 23888 --- [http-nio-8082-exec-1] m.d.profiles.api.ProfilesController      : level is this is devp
2019-01-22 10:23:20.875  INFO 23888 --- [http-nio-8082-exec-1] m.d.profiles.api.ProfilesController      : the log system is me.datoucai.profiles.api.ProfilesController
2019-01-22 10:23:36.527  INFO 23888 --- [Thread-21] o.s.s.concurrent.ThreadPoolTaskExecutor  : Shutting down ExecutorService 'applicationTaskExecutor'
2019-01-22 10:23:37.005  INFO 23888 --- [restartedMain] m.datoucai.profiles.ProfilesApplication  : Starting ProfilesApplication on dengtongcai with PID 23888 (E:\github\spring-boot-learning\02-spring-boot-profiles\target\classes started by cc in E:\github\spring-boot-learning)
2019-01-22 10:23:37.005  INFO 23888 --- [restartedMain] m.datoucai.profiles.ProfilesApplication  : The following profiles are active: devp
2019-01-22 10:23:37.426  INFO 23888 --- [restartedMain] o.s.b.w.embedded.tomcat.TomcatWebServer  : Tomcat initialized with port(s): 8082 (http)
2019-01-22 10:23:37.429  INFO 23888 --- [restartedMain] o.apache.catalina.core.StandardService   : Starting service [Tomcat]
2019-01-22 10:23:37.432  INFO 23888 --- [restartedMain] org.apache.catalina.core.StandardEngine  : Starting Servlet engine: [Apache Tomcat/9.0.14]
2019-01-22 10:23:37.474  INFO 23888 --- [restartedMain] o.a.c.c.C.[Tomcat].[localhost].[/]       : Initializing Spring embedded WebApplicationContext
2019-01-22 10:23:37.476  INFO 23888 --- [restartedMain] o.s.web.context.ContextLoader            : Root WebApplicationContext: initialization completed in 468 ms
2019-01-22 10:23:37.552  INFO 23888 --- [restartedMain] o.s.s.concurrent.ThreadPoolTaskExecutor  : Initializing ExecutorService 'applicationTaskExecutor'
2019-01-22 10:23:37.604  INFO 23888 --- [restartedMain] o.s.b.d.a.OptionalLiveReloadServer       : LiveReload server is running on port 35729
2019-01-22 10:23:37.621  INFO 23888 --- [restartedMain] o.s.b.w.embedded.tomcat.TomcatWebServer  : Tomcat started on port(s): 8082 (http) with context path ''
2019-01-22 10:23:37.622  INFO 23888 --- [restartedMain] m.datoucai.profiles.ProfilesApplication  : Started ProfilesApplication in 0.698 seconds (JVM running for 104.797)
2019-01-22 10:23:37.623  INFO 23888 --- [restartedMain] .ConditionEvaluationDeltaLoggingListener : Condition evaluation unchanged
2019-01-22 10:29:55.289  INFO 23888 --- [Thread-27] o.s.s.concurrent.ThreadPoolTaskExecutor  : Shutting down ExecutorService 'applicationTaskExecutor'
2019-01-22 10:29:55.840 ERROR 23888 --- [restartedMain] o.s.boot.SpringApplication               : Application run failed

java.lang.IllegalStateException: java.io.FileNotFoundException: class path resource [log4j-spring.properties] cannot be resolved to URL because it does not exist
	at org.springframework.boot.context.logging.LoggingApplicationListener.initializeSystem(LoggingApplicationListener.java:305) ~[spring-boot-2.1.2.RELEASE.jar:2.1.2.RELEASE]
	at org.springframework.boot.context.logging.LoggingApplicationListener.initialize(LoggingApplicationListener.java:266) ~[spring-boot-2.1.2.RELEASE.jar:2.1.2.RELEASE]
	at org.springframework.boot.context.logging.LoggingApplicationListener.onApplicationEnvironmentPreparedEvent(LoggingApplicationListener.java:229) ~[spring-boot-2.1.2.RELEASE.jar:2.1.2.RELEASE]
	at org.springframework.boot.context.logging.LoggingApplicationListener.onApplicationEvent(LoggingApplicationListener.java:202) ~[spring-boot-2.1.2.RELEASE.jar:2.1.2.RELEASE]
	at org.springframework.context.event.SimpleApplicationEventMulticaster.doInvokeListener(SimpleApplicationEventMulticaster.java:172) ~[spring-context-5.1.4.RELEASE.jar:5.1.4.RELEASE]
	at org.springframework.context.event.SimpleApplicationEventMulticaster.invokeListener(SimpleApplicationEventMulticaster.java:165) ~[spring-context-5.1.4.RELEASE.jar:5.1.4.RELEASE]
	at org.springframework.context.event.SimpleApplicationEventMulticaster.multicastEvent(SimpleApplicationEventMulticaster.java:139) ~[spring-context-5.1.4.RELEASE.jar:5.1.4.RELEASE]
	at org.springframework.context.event.SimpleApplicationEventMulticaster.multicastEvent(SimpleApplicationEventMulticaster.java:127) ~[spring-context-5.1.4.RELEASE.jar:5.1.4.RELEASE]
	at org.springframework.boot.context.event.EventPublishingRunListener.environmentPrepared(EventPublishingRunListener.java:75) ~[spring-boot-2.1.2.RELEASE.jar:2.1.2.RELEASE]
	at org.springframework.boot.SpringApplicationRunListeners.environmentPrepared(SpringApplicationRunListeners.java:54) ~[spring-boot-2.1.2.RELEASE.jar:2.1.2.RELEASE]
	at org.springframework.boot.SpringApplication.prepareEnvironment(SpringApplication.java:347) [spring-boot-2.1.2.RELEASE.jar:2.1.2.RELEASE]
	at org.springframework.boot.SpringApplication.run(SpringApplication.java:306) [spring-boot-2.1.2.RELEASE.jar:2.1.2.RELEASE]
	at org.springframework.boot.SpringApplication.run(SpringApplication.java:1260) [spring-boot-2.1.2.RELEASE.jar:2.1.2.RELEASE]
	at org.springframework.boot.SpringApplication.run(SpringApplication.java:1248) [spring-boot-2.1.2.RELEASE.jar:2.1.2.RELEASE]
	at me.datoucai.profiles.ProfilesApplication.main(ProfilesApplication.java:10) [classes/:na]
	at sun.reflect.NativeMethodAccessorImpl.invoke0(Native Method) ~[na:1.8.0_121]
	at sun.reflect.NativeMethodAccessorImpl.invoke(NativeMethodAccessorImpl.java:62) ~[na:1.8.0_121]
	at sun.reflect.DelegatingMethodAccessorImpl.invoke(DelegatingMethodAccessorImpl.java:43) ~[na:1.8.0_121]
	at java.lang.reflect.Method.invoke(Method.java:498) ~[na:1.8.0_121]
	at org.springframework.boot.devtools.restart.RestartLauncher.run(RestartLauncher.java:49) [spring-boot-devtools-2.1.2.RELEASE.jar:2.1.2.RELEASE]
Caused by: java.io.FileNotFoundException: class path resource [log4j-spring.properties] cannot be resolved to URL because it does not exist
	at org.springframework.util.ResourceUtils.getURL(ResourceUtils.java:137) ~[spring-core-5.1.4.RELEASE.jar:5.1.4.RELEASE]
	at org.springframework.boot.context.logging.LoggingApplicationListener.initializeSystem(LoggingApplicationListener.java:297) ~[spring-boot-2.1.2.RELEASE.jar:2.1.2.RELEASE]
	... 19 common frames omitted

2019-01-22 10:43:45.333  INFO 1508 --- [restartedMain] m.d.p.ProfilesApplication                : Starting ProfilesApplication on dengtongcai with PID 1508 (E:\github\spring-boot-learning\02-spring-boot-profiles\target\classes started by cc in E:\github\spring-boot-learning)
2019-01-22 10:43:45.339  INFO 1508 --- [restartedMain] m.d.p.ProfilesApplication                : The following profiles are active: devp
2019-01-22 10:43:45.386  INFO 1508 --- [restartedMain] .e.DevToolsPropertyDefaultsPostProcessor : Devtools property defaults active! Set 'spring.devtools.add-properties' to 'false' to disable
2019-01-22 10:43:45.386  INFO 1508 --- [restartedMain] .e.DevToolsPropertyDefaultsPostProcessor : For additional web related logging consider setting the 'logging.level.web' property to 'DEBUG'
2019-01-22 10:43:46.716  INFO 1508 --- [restartedMain] o.s.b.w.e.t.TomcatWebServer              : Tomcat initialized with port(s): 8082 (http)
2019-01-22 10:43:46.754  INFO 1508 --- [restartedMain] o.a.c.c.StandardService                  : Starting service [Tomcat]
2019-01-22 10:43:46.770  INFO 1508 --- [restartedMain] o.a.c.c.StandardEngine                   : Starting Servlet engine: [Apache Tomcat/9.0.14]
2019-01-22 10:43:46.778  INFO 1508 --- [restartedMain] o.a.c.c.AprLifecycleListener             : The APR based Apache Tomcat Native library which allows optimal performance in production environments was not found on the java.library.path: [D:\Java\jdk1.8.0_121\bin;C:\WINDOWS\Sun\Java\bin;C:\WINDOWS\system32;C:\WINDOWS;D:\Program Files\nTrun_V3.0\Goto;C:\ProgramData\Oracle\Java\javapath;D:\Java\jdk1.8.0_121\bin;D:\Java\jdk1.8.0_121\jre\bin;D:\Java\MySQL\MySQL Server 5.5\bin;C:\Java\apache-maven\apache-maven-3.3.9\bin;C:\Java\gradle-4.5.1\bin;C:\Program Files (x86)\Intel\iCLS Client\;C:\Program Files\Intel\iCLS Client\;C:\windows\system32;C:\windows;C:\windows\System32\Wbem;C:\windows\System32\WindowsPowerShell\v1.0\;C:\Program Files (x86)\Intel\Intel(R) Management Engine Components\DAL;C:\Program Files\Intel\Intel(R) Management Engine Components\DAL;C:\Program Files (x86)\Intel\Intel(R) Management Engine Components\IPT;C:\Program Files\Intel\Intel(R) Management Engine Components\IPT;D:\Java\VMware\VanDyke Software\Clients\;C:\Windows\system32;C:\Windows;C:\Windows\System32\Wbem;C:\Windows\System32\WindowsPowerShell\v1.0\;D:\Java\Tools\VisualSVN Server\bin;C:\Android;C:\Windows\System32;E:\Go\bin;C:\WINDOWS\system32;C:\WINDOWS;C:\WINDOWS\System32\Wbem;C:\WINDOWS\System32\WindowsPowerShell\v1.0\;C:\Program Files (x86)\NVIDIA Corporation\PhysX\Common;D:\Program Files\nodejs\;C:\Program Files\Intel\WiFi\bin\;C:\Program Files\Common Files\Intel\WirelessCommon\;D:\Java\Tools\TortoiseSVN\bin;C:\WINDOWS\System32\OpenSSH\;E:\Program Files\Microsoft VS Code\bin;D:\Program Files\Git\cmd;C:\Program Files\Intel\WiFi\bin\;C:\Program Files\Common Files\Intel\WirelessCommon\;C:\Users\cc\AppData\Local\Microsoft\WindowsApps;;C:\Users\cc\AppData\Local\Programs\Fiddler;D:\Program Files (x86)\Fiddler;C:\Users\cc\AppData\Local\Microsoft\WindowsApps;C:\Users\cc\AppData\Roaming\npm;E:\Program Files\Microsoft VS Code\bin;.]
2019-01-22 10:43:46.901  INFO 1508 --- [restartedMain] o.a.c.c.C.[.[.[/]                        : Initializing Spring embedded WebApplicationContext
2019-01-22 10:43:46.901  INFO 1508 --- [restartedMain] o.s.w.c.ContextLoader                    : Root WebApplicationContext: initialization completed in 1515 ms
2019-01-22 10:43:47.184  INFO 1508 --- [restartedMain] o.s.s.c.ThreadPoolTaskExecutor           : Initializing ExecutorService 'applicationTaskExecutor'
2019-01-22 10:43:47.510  INFO 1508 --- [restartedMain] o.s.b.d.a.OptionalLiveReloadServer       : LiveReload server is running on port 35729
2019-01-22 10:43:47.702  INFO 1508 --- [restartedMain] o.s.b.w.e.t.TomcatWebServer              : Tomcat started on port(s): 8082 (http) with context path ''
2019-01-22 10:43:47.706  INFO 1508 --- [restartedMain] m.d.p.ProfilesApplication                : Started ProfilesApplication in 3.059 seconds (JVM running for 4.45)
2019-01-22 10:44:07.970  INFO 1508 --- [Thread-13] o.s.s.c.ThreadPoolTaskExecutor           : Shutting down ExecutorService 'applicationTaskExecutor'
